dayuan@dayuanDS:~$ mysql -u root -p 
Enter password: 
Welcome to the MySQL monitor.  Commands end with ; or \g.
Your MySQL connection id is 6
Server version: 5.7.24-0ubuntu0.16.04.1 (Ubuntu)

Copyright (c) 2000, 2018, Oracle and/or its affiliates. All rights reserved.

Oracle is a registered trademark of Oracle Corporation and/or its
affiliates. Other names may be trademarks of their respective
owners.

Type 'help;' or '\h' for help. Type '\c' to clear the current input statement.

mysql> create database distributedSystemDesign
    -> ;
Query OK, 1 row affected (0.00 sec)

mysql> grant all privileges on distributedSystemDesign.* to dayuan@localhost identified by "1111";
Query OK, 0 rows affected, 1 warning (0.00 sec)

mysql> flush privileges;
Query OK, 0 rows affected (0.00 sec)

mysql>

---------------
dayuan@dayuanDS:~$ mysql -u dayuan -p 
Enter password: 

mysql> show databases;
+-------------------------+
| Database                |
+-------------------------+
| information_schema      |
| distributedSystemDesign |
+-------------------------+
2 rows in set (0.00 sec)

mysql> use distributedSystemDesign;
Database changed

mysql> create table servicesStatus (no int, wsdl varchar(4096), namespace varchar(2048),method varchar(2048),ipv4 varchar(256), port varchar(64),active int, busy int,updatetime datetime);
Query OK, 0 rows affected (0.01 sec)

mysql> 
ALTER TABLE `distributedSystemDesign`.`servicesStatus` 
CHANGE COLUMN `no` `id` INT(11)  auto_increment primary key;

---------
create table distributedSystemDesign.servicesStatus (id int auto_increment primary key, wsdl varchar(4096), namespace varchar(2048),method varchar(2048),ipv4 varchar(256), port varchar(64),active int, busy int,updatetime datetime);
---------

insert into distributedSystemDesign.servicesStatus values(1,"http://localhost:8080/Axis2ServiceSum/services/ServiceSum","http://serviceSum.javahelps.com","getSum","localhost","8080",1,0,current_time());

insert into distributedSystemDesign.servicesStatus values(2,"http://localhost:8081/Axis2ServiceSubtract/services/ServiceSubtract","http://serviceSubtract.javahelps.com","getDiff","localhost","8081",1,0,current_time());

insert into distributedSystemDesign.servicesStatus values(3,"http://localhost:8081/Axis2ServiceMultiply/services/ServiceMul","http://serviceMultiply.javahelps.com","getProduct","localhost","8081",1,0,current_time());

